This file contains any messages produced by compilers while
running configure, to aid debugging if configure makes a mistake.

It was created by configure, which was
generated by GNU Autoconf 2.69.  Invocation command line was

  $ ./configure --with-php-config=/Users/bilibili/debug/php70-debug/bin/php-config --enable-debug

## --------- ##
## Platform. ##
## --------- ##

hostname = ZJ0303.local
uname -m = x86_64
uname -r = 15.6.0
uname -s = Darwin
uname -v = Darwin Kernel Version 15.6.0: Thu Jun 23 18:25:34 PDT 2016; root:xnu-3248.60.10~1/RELEASE_X86_64

/usr/bin/uname -p = i386
/bin/uname -X     = unknown

/bin/arch              = unknown
/usr/bin/arch -k       = unknown
/usr/convex/getsysinfo = unknown
/usr/bin/hostinfo      = Mach kernel version:
	 Darwin Kernel Version 15.6.0: Thu Jun 23 18:25:34 PDT 2016; root:xnu-3248.60.10~1/RELEASE_X86_64
Kernel configured for up to 4 processors.
2 processors are physically available.
4 processors are logically available.
Processor type: x86_64h (Intel x86-64h Haswell)
Processors active: 0 1 2 3
Primary memory available: 8.00 gigabytes
Default processor set: 270 tasks, 1466 threads, 4 processors
Load average: 1.67, Mach factor: 2.31
/bin/machine           = unknown
/usr/bin/oslevel       = unknown
/bin/universe          = unknown

PATH: /usr/local/bin
PATH: /usr/bin
PATH: /bin
PATH: /usr/local/sbin
PATH: /usr/sbin
PATH: /sbin
PATH: /Users/bilibili/gopher/bin


## ----------- ##
## Core tests. ##
## ----------- ##

configure:2297: checking for grep that handles long lines and -e
configure:2355: result: /usr/bin/grep
configure:2360: checking for egrep
configure:2422: result: /usr/bin/grep -E
configure:2427: checking for a sed that does not truncate output
configure:2481: result: /usr/bin/sed
configure:2618: checking for cc
configure:2634: found /usr/bin/cc
configure:2645: result: cc
configure:2676: checking for C compiler version
configure:2685: cc --version >&5
Apple LLVM version 8.0.0 (clang-800.0.42.1)
Target: x86_64-apple-darwin15.6.0
Thread model: posix
InstalledDir: /Library/Developer/CommandLineTools/usr/bin
configure:2696: $? = 0
configure:2685: cc -v >&5
Apple LLVM version 8.0.0 (clang-800.0.42.1)
Target: x86_64-apple-darwin15.6.0
Thread model: posix
InstalledDir: /Library/Developer/CommandLineTools/usr/bin
configure:2696: $? = 0
configure:2685: cc -V >&5
clang: error: argument to '-V' is missing (expected 1 value)
clang: error: no input files
configure:2696: $? = 1
configure:2685: cc -qversion >&5
clang: error: unknown argument: '-qversion'
clang: error: no input files
configure:2696: $? = 1
configure:2716: checking whether the C compiler works
configure:2738: cc    conftest.c  >&5
configure:2742: $? = 0
configure:2790: result: yes
configure:2793: checking for C compiler default output file name
configure:2795: result: a.out
configure:2801: checking for suffix of executables
configure:2808: cc -o conftest    conftest.c  >&5
configure:2812: $? = 0
configure:2834: result: 
configure:2856: checking whether we are cross compiling
configure:2864: cc -o conftest    conftest.c  >&5
configure:2868: $? = 0
configure:2875: ./conftest
configure:2879: $? = 0
configure:2894: result: no
configure:2899: checking for suffix of object files
configure:2921: cc -c   conftest.c >&5
configure:2925: $? = 0
configure:2946: result: o
configure:2950: checking whether we are using the GNU C compiler
configure:2969: cc -c   conftest.c >&5
configure:2969: $? = 0
configure:2978: result: yes
configure:2987: checking whether cc accepts -g
configure:3007: cc -c -g  conftest.c >&5
configure:3007: $? = 0
configure:3048: result: yes
configure:3065: checking for cc option to accept ISO C89
configure:3128: cc  -c -g -O2  conftest.c >&5
configure:3128: $? = 0
configure:3141: result: none needed
configure:3167: checking how to run the C preprocessor
configure:3198: cc -E  conftest.c
configure:3198: $? = 0
configure:3212: cc -E  conftest.c
conftest.c:9:10: fatal error: 'ac_nonexistent.h' file not found
#include <ac_nonexistent.h>
         ^
1 error generated.
configure:3212: $? = 1
configure: failed program was:
| /* confdefs.h */
| #define PACKAGE_NAME ""
| #define PACKAGE_TARNAME ""
| #define PACKAGE_VERSION ""
| #define PACKAGE_STRING ""
| #define PACKAGE_BUGREPORT ""
| #define PACKAGE_URL ""
| /* end confdefs.h.  */
| #include <ac_nonexistent.h>
configure:3237: result: cc -E
configure:3257: cc -E  conftest.c
configure:3257: $? = 0
configure:3271: cc -E  conftest.c
conftest.c:9:10: fatal error: 'ac_nonexistent.h' file not found
#include <ac_nonexistent.h>
         ^
1 error generated.
configure:3271: $? = 1
configure: failed program was:
| /* confdefs.h */
| #define PACKAGE_NAME ""
| #define PACKAGE_TARNAME ""
| #define PACKAGE_VERSION ""
| #define PACKAGE_STRING ""
| #define PACKAGE_BUGREPORT ""
| #define PACKAGE_URL ""
| /* end confdefs.h.  */
| #include <ac_nonexistent.h>
configure:3302: checking for icc
configure:3311: result: no
configure:3325: checking for suncc
configure:3334: result: no
configure:3352: checking whether cc understands -c and -o together
configure:3380: cc -c conftest.c -o conftest2.o >&5
configure:3384: $? = 0
configure:3390: cc -c conftest.c -o conftest2.o >&5
configure:3394: $? = 0
configure:3449: result: yes
configure:3463: checking for system library directory
configure:3478: result: lib
configure:3485: checking if compiler supports -R
configure:3504: cc -o conftest -g -O2   conftest.c -R /usr/lib  >&5
warning: unknown remark option '-R' [-Wunknown-warning-option]
1 warning generated.
ld: can't map file, errno=22 file '/usr/lib' for architecture x86_64
clang: error: linker command failed with exit code 1 (use -v to see invocation)
configure:3504: $? = 1
configure: failed program was:
| /* confdefs.h */
| #define PACKAGE_NAME ""
| #define PACKAGE_TARNAME ""
| #define PACKAGE_VERSION ""
| #define PACKAGE_STRING ""
| #define PACKAGE_BUGREPORT ""
| #define PACKAGE_URL ""
| /* end confdefs.h.  */
| 
| int
| main ()
| {
| 
|   ;
|   return 0;
| }
configure:3514: result: no
configure:3519: checking if compiler supports -Wl,-rpath,
configure:3538: cc -o conftest -g -O2   conftest.c -Wl,-rpath,/usr/lib  >&5
configure:3538: $? = 0
configure:3548: result: yes
configure:3593: checking build system type
configure:3607: result: x86_64-apple-darwin15.6.0
configure:3627: checking host system type
configure:3640: result: x86_64-apple-darwin15.6.0
configure:3660: checking target system type
configure:3673: result: x86_64-apple-darwin15.6.0
configure:3776: checking for PHP prefix
configure:3778: result: /Users/bilibili/debug/php70-debug
configure:3780: checking for PHP includes
configure:3782: result: -I/Users/bilibili/debug/php70-debug/include/php -I/Users/bilibili/debug/php70-debug/include/php/main -I/Users/bilibili/debug/php70-debug/include/php/TSRM -I/Users/bilibili/debug/php70-debug/include/php/Zend -I/Users/bilibili/debug/php70-debug/include/php/ext -I/Users/bilibili/debug/php70-debug/include/php/ext/date/lib
configure:3784: checking for PHP extension directory
configure:3786: result: /Users/bilibili/debug/php70-debug/lib/php/extensions/debug-non-zts-20151012
configure:3788: checking for PHP installed headers prefix
configure:3790: result: /Users/bilibili/debug/php70-debug/include/php
configure:3793: checking if debug is enabled
configure:3819: result: yes
configure:3822: checking if zts is enabled
configure:3848: result: no
configure:3919: checking for re2c
configure:3935: found /usr/local/bin/re2c
configure:3946: result: re2c
configure:3955: checking for re2c version
configure:3969: result: 0.15.3 (ok)
configure:3988: checking for gawk
configure:4019: result: no
configure:3988: checking for nawk
configure:4019: result: no
configure:3988: checking for awk
configure:4005: found /usr/bin/awk
configure:4016: result: awk
configure:4039: checking if awk is broken
configure:4046: result: no
configure:4064: checking whether to enable forp support
configure:4103: result: yes, shared
configure:4532: checking for ld used by cc
configure:4599: result: /Library/Developer/CommandLineTools/usr/bin/ld
configure:4606: checking if the linker (/Library/Developer/CommandLineTools/usr/bin/ld) is GNU ld
configure:4621: result: no
configure:4626: checking for /Library/Developer/CommandLineTools/usr/bin/ld option to reload object files
configure:4633: result: -r
configure:4651: checking for BSD-compatible nm
configure:4700: result: /usr/bin/nm -B
configure:4704: checking whether ln -s works
configure:4708: result: yes
configure:4715: checking how to recognize dependent libraries
configure:4901: result: pass_all
configure:5119: checking for ANSI C header files
configure:5139: cc -c -g  -O0  conftest.c >&5
configure:5139: $? = 0
configure:5212: cc -o conftest -g  -O0   conftest.c  >&5
configure:5212: $? = 0
configure:5212: ./conftest
configure:5212: $? = 0
configure:5223: result: yes
configure:5236: checking for sys/types.h
configure:5236: cc -c -g  -O0  conftest.c >&5
configure:5236: $? = 0
configure:5236: result: yes
configure:5236: checking for sys/stat.h
configure:5236: cc -c -g  -O0  conftest.c >&5
configure:5236: $? = 0
configure:5236: result: yes
configure:5236: checking for stdlib.h
configure:5236: cc -c -g  -O0  conftest.c >&5
configure:5236: $? = 0
configure:5236: result: yes
configure:5236: checking for string.h
configure:5236: cc -c -g  -O0  conftest.c >&5
configure:5236: $? = 0
configure:5236: result: yes
configure:5236: checking for memory.h
configure:5236: cc -c -g  -O0  conftest.c >&5
configure:5236: $? = 0
configure:5236: result: yes
configure:5236: checking for strings.h
configure:5236: cc -c -g  -O0  conftest.c >&5
configure:5236: $? = 0
configure:5236: result: yes
configure:5236: checking for inttypes.h
configure:5236: cc -c -g  -O0  conftest.c >&5
configure:5236: $? = 0
configure:5236: result: yes
configure:5236: checking for stdint.h
configure:5236: cc -c -g  -O0  conftest.c >&5
configure:5236: $? = 0
configure:5236: result: yes
configure:5236: checking for unistd.h
configure:5236: cc -c -g  -O0  conftest.c >&5
configure:5236: $? = 0
configure:5236: result: yes
configure:5250: checking dlfcn.h usability
configure:5250: cc -c -g  -O0  conftest.c >&5
configure:5250: $? = 0
configure:5250: result: yes
configure:5250: checking dlfcn.h presence
configure:5250: cc -E  conftest.c
configure:5250: $? = 0
configure:5250: result: yes
configure:5250: checking for dlfcn.h
configure:5250: result: yes
configure:5272: checking the maximum length of command line arguments
configure:5384: result: 196608
configure:5396: checking command to parse /usr/bin/nm -B output from cc object
configure:5501: cc -c -g  -O0  conftest.c >&5
configure:5504: $? = 0
configure:5508: /usr/bin/nm -B conftest.o \| sed -n -e 's/^.*[ 	]\([BCDEGRST][BCDEGRST]*\)[ 	][ 	]*\([_A-Za-z][_A-Za-z0-9]*\)$/\1 \2 \2/p' \> conftest.nm
configure:5511: $? = 0
cannot find nm_test_var in conftest.nm
configure:5501: cc -c -g  -O0  conftest.c >&5
configure:5504: $? = 0
configure:5508: /usr/bin/nm -B conftest.o \| sed -n -e 's/^.*[ 	]\([BCDEGRST][BCDEGRST]*\)[ 	][ 	]*_\([_A-Za-z][_A-Za-z0-9]*\)$/\1 _\2 \2/p' \> conftest.nm
configure:5511: $? = 0
configure:5563: cc -o conftest -g  -O0   conftest.c conftstm.o >&5
warning: (x86_64)  could not find object file symbol for symbol _main
configure:5566: $? = 0
configure:5604: result: ok
configure:5608: checking for objdir
configure:5623: result: .libs
configure:5715: checking for ar
configure:5731: found /usr/bin/ar
configure:5742: result: ar
configure:5807: checking for ranlib
configure:5823: found /usr/bin/ranlib
configure:5834: result: ranlib
configure:5899: checking for strip
configure:5915: found /usr/bin/strip
configure:5926: result: strip
configure:6179: checking for dsymutil
configure:6195: found /usr/bin/dsymutil
configure:6206: result: dsymutil
configure:6271: checking for nmedit
configure:6287: found /usr/bin/nmedit
configure:6298: result: nmedit
configure:6321: checking for -single_module linker flag
configure:6342: result: yes
configure:6344: checking for -exported_symbols_list linker flag
configure:6360: cc -o conftest -g  -O0   -Wl,-exported_symbols_list,conftest.sym conftest.c  >&5
configure:6363: $? = 0
configure:6377: result: yes
configure:6495: checking if cc supports -fno-rtti -fno-exceptions
configure:6513: cc -c -g  -O0  -fno-rtti -fno-exceptions conftest.c >&5
configure:6517: $? = 0
configure:6530: result: yes
configure:6545: checking for cc option to produce PIC
configure:6785: result: -fno-common
configure:6793: checking if cc PIC flag -fno-common works
configure:6811: cc -c -g  -O0  -fno-common -DPIC conftest.c >&5
configure:6815: $? = 0
configure:6828: result: yes
configure:6856: checking if cc static flag -static works
configure:6884: result: no
configure:6894: checking if cc supports -c -o file.o
configure:6915: cc -c -g  -O0  -o out/conftest2.o conftest.c >&5
configure:6919: $? = 0
configure:6941: result: yes
configure:6967: checking whether the cc linker (/Library/Developer/CommandLineTools/usr/bin/ld) supports shared libraries
configure:7895: result: yes
configure:7962: checking dynamic linker characteristics
configure:8560: result: darwin15.6.0 dyld
configure:8584: checking how to hardcode library paths into programs
configure:8609: result: immediate
configure:8623: checking whether stripping libraries is possible
configure:8637: result: yes
configure:9145: checking if libtool supports shared libraries
configure:9147: result: yes
configure:9150: checking whether to build shared libraries
configure:9171: result: yes
configure:9174: checking whether to build static libraries
configure:9178: result: no
configure:9273: result:
creating libtool
configure:12972: creating ./config.status

## ---------------------- ##
## Running config.status. ##
## ---------------------- ##

This file was extended by config.status, which was
generated by GNU Autoconf 2.69.  Invocation command line was

  CONFIG_FILES    = 
  CONFIG_HEADERS  = 
  CONFIG_LINKS    = 
  CONFIG_COMMANDS = 
  $ ./config.status 

on ZJ0303.local

config.status:676: creating config.h
config.status:766: config.h is unchanged

## ---------------- ##
## Cache variables. ##
## ---------------- ##

ac_cv_build=x86_64-apple-darwin15.6.0
ac_cv_c_compiler_gnu=yes
ac_cv_env_CC_set=
ac_cv_env_CC_value=
ac_cv_env_CFLAGS_set=
ac_cv_env_CFLAGS_value=
ac_cv_env_CPPFLAGS_set=
ac_cv_env_CPPFLAGS_value=
ac_cv_env_CPP_set=
ac_cv_env_CPP_value=
ac_cv_env_LDFLAGS_set=
ac_cv_env_LDFLAGS_value=
ac_cv_env_LIBS_set=
ac_cv_env_LIBS_value=
ac_cv_env_build_alias_set=
ac_cv_env_build_alias_value=
ac_cv_env_host_alias_set=
ac_cv_env_host_alias_value=
ac_cv_env_target_alias_set=
ac_cv_env_target_alias_value=
ac_cv_header_dlfcn_h=yes
ac_cv_header_inttypes_h=yes
ac_cv_header_memory_h=yes
ac_cv_header_stdc=yes
ac_cv_header_stdint_h=yes
ac_cv_header_stdlib_h=yes
ac_cv_header_string_h=yes
ac_cv_header_strings_h=yes
ac_cv_header_sys_stat_h=yes
ac_cv_header_sys_types_h=yes
ac_cv_header_unistd_h=yes
ac_cv_host=x86_64-apple-darwin15.6.0
ac_cv_objext=o
ac_cv_path_EGREP='/usr/bin/grep -E'
ac_cv_path_GREP=/usr/bin/grep
ac_cv_prog_AWK=awk
ac_cv_prog_CPP='cc -E'
ac_cv_prog_RE2C=re2c
ac_cv_prog_ac_ct_AR=ar
ac_cv_prog_ac_ct_CC=cc
ac_cv_prog_ac_ct_DSYMUTIL=dsymutil
ac_cv_prog_ac_ct_NMEDIT=nmedit
ac_cv_prog_ac_ct_RANLIB=ranlib
ac_cv_prog_ac_ct_STRIP=strip
ac_cv_prog_cc_c89=
ac_cv_prog_cc_cc_c_o=yes
ac_cv_prog_cc_g=yes
ac_cv_target=x86_64-apple-darwin15.6.0
lt_cv_apple_cc_single_mod=yes
lt_cv_deplibs_check_method=pass_all
lt_cv_file_magic_cmd='$MAGIC_CMD'
lt_cv_file_magic_test_file=
lt_cv_ld_exported_symbols_list=yes
lt_cv_ld_reload_flag=-r
lt_cv_objdir=.libs
lt_cv_path_LD=/Library/Developer/CommandLineTools/usr/bin/ld
lt_cv_path_NM='/usr/bin/nm -B'
lt_cv_path_SED=/usr/bin/sed
lt_cv_prog_compiler_c_o=yes
lt_cv_prog_compiler_pic_works=yes
lt_cv_prog_compiler_rtti_exceptions=yes
lt_cv_prog_compiler_static_works=no
lt_cv_prog_gnu_ld=no
lt_cv_sys_global_symbol_pipe='sed -n -e '\''s/^.*[ 	]\([BCDEGRST][BCDEGRST]*\)[ 	][ 	]*_\([_A-Za-z][_A-Za-z0-9]*\)$/\1 _\2 \2/p'\'''
lt_cv_sys_global_symbol_to_c_name_address='sed -n -e '\''s/^: \([^ ]*\) $/  {\"\1\", (lt_ptr) 0},/p'\'' -e '\''s/^[BCDEGRST] \([^ ]*\) \([^ ]*\)$/  {"\2", (lt_ptr) \&\2},/p'\'''
lt_cv_sys_global_symbol_to_cdecl='sed -n -e '\''s/^. .* \(.*\)$/extern int \1;/p'\'''
lt_cv_sys_lib_dlsearch_path_spec='/usr/local/lib /lib /usr/lib'
lt_cv_sys_lib_search_path_spec='/Library/Developer/CommandLineTools/usr/lib/clang/8.0.0 /usr/local/lib'
lt_cv_sys_max_cmd_len=196608
lt_lt_cv_prog_compiler_c_o='"yes"'
lt_lt_cv_sys_global_symbol_pipe='"sed -n -e '\''s/^.*[ 	]\\([BCDEGRST][BCDEGRST]*\\)[ 	][ 	]*_\\([_A-Za-z][_A-Za-z0-9]*\\)\$/\\1 _\\2 \\2/p'\''"'
lt_lt_cv_sys_global_symbol_to_c_name_address='"sed -n -e '\''s/^: \\([^ ]*\\) \$/  {\\\"\\1\\\", (lt_ptr) 0},/p'\'' -e '\''s/^[BCDEGRST] \\([^ ]*\\) \\([^ ]*\\)\$/  {\"\\2\", (lt_ptr) \\&\\2},/p'\''"'
lt_lt_cv_sys_global_symbol_to_cdecl='"sed -n -e '\''s/^. .* \\(.*\\)\$/extern int \\1;/p'\''"'
php_cv_cc_dashr=no
php_cv_cc_rpath=yes
php_cv_re2c_version='0.15.3 (ok)'

## ----------------- ##
## Output variables. ##
## ----------------- ##

AR='ar'
AWK='awk'
CC='cc'
CFLAGS='-g  -O0'
CONFIGURE_COMMAND=' '\''./configure'\''  '\''--with-php-config=/Users/bilibili/debug/php70-debug/bin/php-config'\'' '\''--enable-debug'\'''
CONFIGURE_OPTIONS=' '\''--with-php-config=/Users/bilibili/debug/php70-debug/bin/php-config'\'' '\''--enable-debug'\'''
CPP='cc -E'
CPPFLAGS=' -DHAVE_CONFIG_H'
DEFS='-DHAVE_CONFIG_H'
DSYMUTIL='dsymutil'
ECHO='/bin/echo'
ECHO_C='\c'
ECHO_N=''
ECHO_T=''
EGREP='/usr/bin/grep -E'
EXEEXT=''
GREP='/usr/bin/grep'
LDFLAGS=''
LIBOBJS=''
LIBS=''
LIBTOOL='$(SHELL) $(top_builddir)/libtool'
LN_S='ln -s'
LTLIBOBJS=''
NMEDIT='nmedit'
OBJEXT='o'
PACKAGE_BUGREPORT=''
PACKAGE_NAME=''
PACKAGE_STRING=''
PACKAGE_TARNAME=''
PACKAGE_URL=''
PACKAGE_VERSION=''
PATH_SEPARATOR=':'
RANLIB='ranlib'
RE2C='re2c'
SED='/usr/bin/sed'
SHELL='/bin/sh'
SHLIB_DL_SUFFIX_NAME='so'
SHLIB_SUFFIX_NAME='dylib'
STRIP='strip'
ac_ct_CC='cc'
bindir='${exec_prefix}/bin'
build='x86_64-apple-darwin15.6.0'
build_alias=''
build_cpu='x86_64'
build_os='darwin15.6.0'
build_vendor='apple'
datadir='${datarootdir}'
datarootdir='${prefix}/share'
docdir='${datarootdir}/doc/${PACKAGE}'
dvidir='${docdir}'
exec_prefix='$(prefix)'
host='x86_64-apple-darwin15.6.0'
host_alias='x86_64-apple-darwin15.6.0'
host_cpu='x86_64'
host_os='darwin15.6.0'
host_vendor='apple'
htmldir='${docdir}'
includedir='${prefix}/include'
infodir='${datarootdir}/info'
libdir='${exec_prefix}/lib'
libexecdir='${exec_prefix}/libexec'
localedir='${datarootdir}/locale'
localstatedir='${prefix}/var'
mandir='${datarootdir}/man'
oldincludedir='/usr/include'
pdfdir='${docdir}'
prefix='/Users/bilibili/debug/php70-debug'
program_transform_name='s,x,x,'
psdir='${docdir}'
sbindir='${exec_prefix}/sbin'
sharedstatedir='${prefix}/com'
sysconfdir='${prefix}/etc'
target='x86_64-apple-darwin15.6.0'
target_alias=''
target_cpu='x86_64'
target_os='darwin15.6.0'
target_vendor='apple'

## ----------- ##
## confdefs.h. ##
## ----------- ##

/* confdefs.h */
#define PACKAGE_NAME ""
#define PACKAGE_TARNAME ""
#define PACKAGE_VERSION ""
#define PACKAGE_STRING ""
#define PACKAGE_BUGREPORT ""
#define PACKAGE_URL ""
#define COMPILE_DL_FORP 1
#define STDC_HEADERS 1
#define HAVE_SYS_TYPES_H 1
#define HAVE_SYS_STAT_H 1
#define HAVE_STDLIB_H 1
#define HAVE_STRING_H 1
#define HAVE_MEMORY_H 1
#define HAVE_STRINGS_H 1
#define HAVE_INTTYPES_H 1
#define HAVE_STDINT_H 1
#define HAVE_UNISTD_H 1
#define HAVE_DLFCN_H 1

configure: exit 0
